{
  "RSpec": {
    "coverage": {
      "/Users/marc/src/containerdb/containerdb/app/channels/application_cable/channel.rb": [
        0,
        0,
        0,
        0
      ],
      "/Users/marc/src/containerdb/containerdb/app/channels/application_cable/connection.rb": [
        0,
        0,
        0,
        0
      ],
      "/Users/marc/src/containerdb/containerdb/app/controllers/application_controller.rb": [
        0,
        0,
        0,
        0
      ],
      "/Users/marc/src/containerdb/containerdb/app/controllers/backups_controller.rb": [
        0,
        0,
        0,
        0,
        0,
        0,
        0,
        0,
        0,
        0,
        0,
        0,
        0,
        0,
        0,
        0,
        0
      ],
      "/Users/marc/src/containerdb/containerdb/app/controllers/services_controller.rb": [
        0,
        0,
        0,
        0,
        0,
        0,
        0,
        0,
        0,
        0,
        0,
        0,
        0,
        0,
        0,
        0,
        0,
        0,
        0,
        0,
        0,
        0,
        0,
        0,
        0,
        0,
        0
      ],
      "/Users/marc/src/containerdb/containerdb/app/helpers/application_helper.rb": [
        0,
        0
      ],
      "/Users/marc/src/containerdb/containerdb/app/helpers/services_helper.rb": [
        0,
        0
      ],
      "/Users/marc/src/containerdb/containerdb/app/jobs/application_job.rb": [
        0,
        0
      ],
      "/Users/marc/src/containerdb/containerdb/app/jobs/backup_job.rb": [
        0,
        0,
        0,
        0,
        0,
        0,
        0,
        0,
        0,
        0,
        0,
        0,
        0,
        0,
        0,
        0,
        0,
        0,
        0,
        0,
        0,
        0,
        0,
        0,
        0,
        0,
        0,
        0,
        0
      ],
      "/Users/marc/src/containerdb/containerdb/app/jobs/start_service_job.rb": [
        0,
        0,
        0,
        0,
        0,
        0,
        0,
        0,
        0,
        0,
        0,
        0,
        0,
        0,
        0,
        0,
        0,
        0,
        0,
        0,
        0,
        0,
        0,
        0,
        0,
        0,
        0,
        0,
        0,
        0,
        0,
        0,
        0,
        0
      ],
      "/Users/marc/src/containerdb/containerdb/app/mailers/application_mailer.rb": [
        0,
        0,
        0,
        0
      ],
      "/Users/marc/src/containerdb/containerdb/app/models/application_record.rb": [
        0,
        0,
        0
      ],
      "/Users/marc/src/containerdb/containerdb/app/models/backup.rb": [
        0,
        0,
        0,
        0,
        0,
        0
      ],
      "/Users/marc/src/containerdb/containerdb/app/models/service.rb": [
        0,
        0,
        0,
        0,
        0,
        0,
        0,
        0,
        0,
        0,
        0,
        0,
        0,
        0,
        0,
        0,
        0,
        0,
        0,
        0,
        0,
        0,
        0,
        0,
        0,
        0,
        0,
        0,
        0,
        0,
        0,
        0,
        0,
        0,
        0,
        0,
        0,
        0,
        0,
        0,
        0,
        0,
        0,
        0,
        0,
        0,
        0,
        0,
        0,
        0,
        0,
        0,
        0,
        0,
        0,
        0,
        0,
        0,
        0,
        0,
        0,
        0,
        0,
        0,
        0,
        0,
        0,
        0,
        0,
        0,
        0,
        0,
        0,
        0,
        0,
        0,
        0,
        0,
        0,
        0,
        0,
        0,
        0,
        0,
        0,
        0,
        0,
        0,
        0,
        0,
        0,
        0,
        0,
        0,
        0,
        0,
        0
      ],
      "/Users/marc/src/containerdb/containerdb/app/models/user.rb": [
        0,
        0,
        0,
        0,
        0
      ],
      "/Users/marc/src/containerdb/containerdb/app/services/base_service.rb": [
        0,
        0,
        0,
        0,
        0,
        0,
        0,
        0,
        0,
        0,
        0,
        0,
        0,
        0,
        0,
        0,
        0,
        0,
        0,
        0,
        0,
        0,
        0,
        0,
        0,
        0,
        0,
        0,
        0
      ],
      "/Users/marc/src/containerdb/containerdb/app/services/mysql_service.rb": [
        0,
        0,
        0,
        0,
        0,
        0,
        0,
        0,
        0,
        0,
        0,
        0,
        0,
        0,
        0,
        0,
        0,
        0,
        0,
        0,
        0,
        0,
        0,
        0,
        0,
        0,
        0,
        0,
        0,
        0,
        0,
        0,
        0,
        0,
        0,
        0,
        0,
        0,
        0,
        0
      ],
      "/Users/marc/src/containerdb/containerdb/app/services/postgres_service.rb": [
        0,
        0,
        0,
        0,
        0,
        0,
        0,
        0,
        0,
        0,
        0,
        0,
        0,
        0,
        0,
        0,
        0,
        0,
        0,
        0,
        0,
        0,
        0,
        0,
        0,
        0,
        0,
        0,
        0,
        0,
        0,
        0,
        0,
        0,
        0,
        0,
        0,
        0,
        0,
        0,
        0
      ],
      "/Users/marc/src/containerdb/containerdb/app/services/redis_service.rb": [
        0,
        0,
        0,
        0,
        0,
        0,
        0,
        0,
        0,
        0,
        0,
        0,
        0,
        0,
        0,
        0,
        0,
        0,
        0,
        0,
        0,
        0,
        0,
        0,
        0,
        0,
        0,
        0,
        0,
        0,
        0,
        0,
        0,
        0,
        0,
        0,
        0,
        0,
        0
      ]
    },
    "timestamp": 1492499222
  }
}
